[2025-03-13T20:15:18.837+0000] {local_task_job_runner.py:120} INFO - ::group::Pre task execution logs
[2025-03-13T20:15:18.880+0000] {taskinstance.py:2073} INFO - Dependencies all met for dep_context=non-requeueable deps ti=<TaskInstance: sales_pipeline.silver_layer.ERP_PX_CAT scheduled__2025-03-13T20:00:00+00:00 [queued]>
[2025-03-13T20:15:18.900+0000] {taskinstance.py:2073} INFO - Dependencies all met for dep_context=requeueable deps ti=<TaskInstance: sales_pipeline.silver_layer.ERP_PX_CAT scheduled__2025-03-13T20:00:00+00:00 [queued]>
[2025-03-13T20:15:18.901+0000] {taskinstance.py:2303} INFO - Starting attempt 1 of 1
[2025-03-13T20:15:18.925+0000] {taskinstance.py:2327} INFO - Executing <Task(BashOperator): silver_layer.ERP_PX_CAT> on 2025-03-13 20:00:00+00:00
[2025-03-13T20:15:18.943+0000] {warnings.py:110} WARNING - /home/***/.local/lib/python3.12/site-packages/***/task/task_runner/standard_task_runner.py:61: DeprecationWarning: This process (pid=721) is multi-threaded, use of fork() may lead to deadlocks in the child.
  pid = os.fork()

[2025-03-13T20:15:18.946+0000] {standard_task_runner.py:63} INFO - Started process 732 to run task
[2025-03-13T20:15:18.946+0000] {standard_task_runner.py:90} INFO - Running: ['***', 'tasks', 'run', 'sales_pipeline', 'silver_layer.ERP_PX_CAT', 'scheduled__2025-03-13T20:00:00+00:00', '--job-id', '189', '--raw', '--subdir', 'DAGS_FOLDER/pipeline.py', '--cfg-path', '/tmp/tmpxpuj1979']
[2025-03-13T20:15:18.950+0000] {standard_task_runner.py:91} INFO - Job 189: Subtask silver_layer.ERP_PX_CAT
[2025-03-13T20:15:19.030+0000] {task_command.py:426} INFO - Running <TaskInstance: sales_pipeline.silver_layer.ERP_PX_CAT scheduled__2025-03-13T20:00:00+00:00 [running]> on host 2b35ac7f54da
[2025-03-13T20:15:19.209+0000] {taskinstance.py:2644} INFO - Exporting env vars: AIRFLOW_CTX_DAG_OWNER='Mahmoud' AIRFLOW_CTX_DAG_ID='sales_pipeline' AIRFLOW_CTX_TASK_ID='silver_layer.ERP_PX_CAT' AIRFLOW_CTX_EXECUTION_DATE='2025-03-13T20:00:00+00:00' AIRFLOW_CTX_TRY_NUMBER='1' AIRFLOW_CTX_DAG_RUN_ID='scheduled__2025-03-13T20:00:00+00:00'
[2025-03-13T20:15:19.210+0000] {taskinstance.py:430} INFO - ::endgroup::
[2025-03-13T20:15:19.238+0000] {subprocess.py:63} INFO - Tmp dir root location: /tmp
[2025-03-13T20:15:19.239+0000] {subprocess.py:75} INFO - Running command: ['/usr/bin/bash', '-c', 'dbt run --full-refresh --profiles-dir /opt/***/dbt --project-dir /opt/***/dbt/sales --models ERP_PX_CAT']
[2025-03-13T20:15:19.267+0000] {subprocess.py:86} INFO - Output:
[2025-03-13T20:15:24.089+0000] {subprocess.py:93} INFO - [0m20:15:24  Running with dbt=1.9.3
[2025-03-13T20:15:25.229+0000] {subprocess.py:93} INFO - /home/***/.local/lib/python3.12/site-packages/snowflake/connector/options.py:108: UserWarning: You have an incompatible version of 'pyarrow' installed (19.0.1), please install a version that adheres to: 'pyarrow<19.0.0; extra == "pandas"'
[2025-03-13T20:15:25.231+0000] {subprocess.py:93} INFO -   warn_incompatible_dep(
[2025-03-13T20:15:26.327+0000] {subprocess.py:93} INFO - [0m20:15:26  Registered adapter: snowflake=1.9.2
[2025-03-13T20:15:27.661+0000] {subprocess.py:93} INFO - [0m20:15:27  [[33mWARNING[0m]: Configuration paths exist in your dbt_project.yml file which do not apply to any resources.
[2025-03-13T20:15:27.662+0000] {subprocess.py:93} INFO - There are 1 unused configuration paths:
[2025-03-13T20:15:27.662+0000] {subprocess.py:93} INFO - - models.sales.Gold_layer
[2025-03-13T20:15:28.123+0000] {subprocess.py:93} INFO - [0m20:15:28  Found 6 models, 35 data tests, 6 sources, 855 macros
[2025-03-13T20:15:28.128+0000] {subprocess.py:93} INFO - [0m20:15:28
[2025-03-13T20:15:28.129+0000] {subprocess.py:93} INFO - [0m20:15:28  Concurrency: 2 threads (target='dev')
[2025-03-13T20:15:28.129+0000] {subprocess.py:93} INFO - [0m20:15:28
[2025-03-13T20:15:29.176+0000] {subprocess.py:93} INFO - [0m20:15:29  1 of 1 START sql incremental model layer_silver.ERP_PX_CAT ..................... [RUN]
[2025-03-13T20:15:30.435+0000] {subprocess.py:93} INFO - [0m20:15:30  1 of 1 OK created sql incremental model layer_silver.ERP_PX_CAT ................ [[32mSUCCESS 1[0m in 1.25s]
[2025-03-13T20:15:30.593+0000] {subprocess.py:93} INFO - [0m20:15:30
[2025-03-13T20:15:30.593+0000] {subprocess.py:93} INFO - [0m20:15:30  Finished running 1 incremental model in 0 hours 0 minutes and 2.46 seconds (2.46s).
[2025-03-13T20:15:30.687+0000] {subprocess.py:93} INFO - [0m20:15:30
[2025-03-13T20:15:30.688+0000] {subprocess.py:93} INFO - [0m20:15:30  [32mCompleted successfully[0m
[2025-03-13T20:15:30.689+0000] {subprocess.py:93} INFO - [0m20:15:30
[2025-03-13T20:15:30.690+0000] {subprocess.py:93} INFO - [0m20:15:30  Done. PASS=1 WARN=0 ERROR=0 SKIP=0 TOTAL=1
[2025-03-13T20:15:32.263+0000] {subprocess.py:97} INFO - Command exited with return code 0
[2025-03-13T20:15:32.264+0000] {taskinstance.py:441} INFO - ::group::Post task execution logs
[2025-03-13T20:15:32.309+0000] {taskinstance.py:1205} INFO - Marking task as SUCCESS. dag_id=sales_pipeline, task_id=silver_layer.ERP_PX_CAT, execution_date=20250313T200000, start_date=20250313T201518, end_date=20250313T201532
[2025-03-13T20:15:32.381+0000] {local_task_job_runner.py:240} INFO - Task exited with return code 0
[2025-03-13T20:15:32.411+0000] {taskinstance.py:3482} INFO - 0 downstream tasks scheduled from follow-on schedule check
[2025-03-13T20:15:32.412+0000] {local_task_job_runner.py:222} INFO - ::endgroup::
