[2025-03-13T20:06:03.739+0000] {local_task_job_runner.py:120} INFO - ::group::Pre task execution logs
[2025-03-13T20:06:03.799+0000] {taskinstance.py:2073} INFO - Dependencies all met for dep_context=non-requeueable deps ti=<TaskInstance: sales_pipeline.silver_layer.crm_prd_info scheduled__2025-03-13T19:45:00+00:00 [queued]>
[2025-03-13T20:06:03.820+0000] {taskinstance.py:2073} INFO - Dependencies all met for dep_context=requeueable deps ti=<TaskInstance: sales_pipeline.silver_layer.crm_prd_info scheduled__2025-03-13T19:45:00+00:00 [queued]>
[2025-03-13T20:06:03.820+0000] {taskinstance.py:2303} INFO - Starting attempt 1 of 1
[2025-03-13T20:06:03.845+0000] {taskinstance.py:2327} INFO - Executing <Task(BashOperator): silver_layer.crm_prd_info> on 2025-03-13 19:45:00+00:00
[2025-03-13T20:06:03.865+0000] {warnings.py:110} WARNING - /home/***/.local/lib/python3.12/site-packages/***/task/task_runner/standard_task_runner.py:61: DeprecationWarning: This process (pid=443) is multi-threaded, use of fork() may lead to deadlocks in the child.
  pid = os.fork()

[2025-03-13T20:06:03.867+0000] {standard_task_runner.py:63} INFO - Started process 455 to run task
[2025-03-13T20:06:03.869+0000] {standard_task_runner.py:90} INFO - Running: ['***', 'tasks', 'run', 'sales_pipeline', 'silver_layer.crm_prd_info', 'scheduled__2025-03-13T19:45:00+00:00', '--job-id', '171', '--raw', '--subdir', 'DAGS_FOLDER/pipeline.py', '--cfg-path', '/tmp/tmp2ipk64qb']
[2025-03-13T20:06:03.872+0000] {standard_task_runner.py:91} INFO - Job 171: Subtask silver_layer.crm_prd_info
[2025-03-13T20:06:03.989+0000] {task_command.py:426} INFO - Running <TaskInstance: sales_pipeline.silver_layer.crm_prd_info scheduled__2025-03-13T19:45:00+00:00 [running]> on host 2b35ac7f54da
[2025-03-13T20:06:04.191+0000] {taskinstance.py:2644} INFO - Exporting env vars: AIRFLOW_CTX_DAG_OWNER='Mahmoud' AIRFLOW_CTX_DAG_ID='sales_pipeline' AIRFLOW_CTX_TASK_ID='silver_layer.crm_prd_info' AIRFLOW_CTX_EXECUTION_DATE='2025-03-13T19:45:00+00:00' AIRFLOW_CTX_TRY_NUMBER='1' AIRFLOW_CTX_DAG_RUN_ID='scheduled__2025-03-13T19:45:00+00:00'
[2025-03-13T20:06:04.193+0000] {taskinstance.py:430} INFO - ::endgroup::
[2025-03-13T20:06:04.212+0000] {subprocess.py:63} INFO - Tmp dir root location: /tmp
[2025-03-13T20:06:04.213+0000] {subprocess.py:75} INFO - Running command: ['/usr/bin/bash', '-c', 'dbt run --full-refresh --profiles-dir /opt/***/dbt --project-dir /opt/***/dbt/sales --models crm_prd_info']
[2025-03-13T20:06:04.237+0000] {subprocess.py:86} INFO - Output:
[2025-03-13T20:06:09.406+0000] {subprocess.py:93} INFO - [0m20:06:09  Running with dbt=1.9.3
[2025-03-13T20:06:10.779+0000] {subprocess.py:93} INFO - /home/***/.local/lib/python3.12/site-packages/snowflake/connector/options.py:108: UserWarning: You have an incompatible version of 'pyarrow' installed (19.0.1), please install a version that adheres to: 'pyarrow<19.0.0; extra == "pandas"'
[2025-03-13T20:06:10.781+0000] {subprocess.py:93} INFO -   warn_incompatible_dep(
[2025-03-13T20:06:11.815+0000] {subprocess.py:93} INFO - [0m20:06:11  Registered adapter: snowflake=1.9.2
[2025-03-13T20:06:13.033+0000] {subprocess.py:93} INFO - [0m20:06:13  [[33mWARNING[0m]: Configuration paths exist in your dbt_project.yml file which do not apply to any resources.
[2025-03-13T20:06:13.034+0000] {subprocess.py:93} INFO - There are 1 unused configuration paths:
[2025-03-13T20:06:13.034+0000] {subprocess.py:93} INFO - - models.sales.Gold_layer
[2025-03-13T20:06:13.554+0000] {subprocess.py:93} INFO - [0m20:06:13  Found 6 models, 35 data tests, 6 sources, 855 macros
[2025-03-13T20:06:13.559+0000] {subprocess.py:93} INFO - [0m20:06:13
[2025-03-13T20:06:13.561+0000] {subprocess.py:93} INFO - [0m20:06:13  Concurrency: 2 threads (target='dev')
[2025-03-13T20:06:13.561+0000] {subprocess.py:93} INFO - [0m20:06:13
[2025-03-13T20:06:14.889+0000] {subprocess.py:93} INFO - [0m20:06:14  1 of 1 START sql incremental model layer_silver.crm_prd_info ................... [RUN]
[2025-03-13T20:06:16.207+0000] {subprocess.py:93} INFO - [0m20:06:16  1 of 1 OK created sql incremental model layer_silver.crm_prd_info .............. [[32mSUCCESS 1[0m in 1.31s]
[2025-03-13T20:06:16.401+0000] {subprocess.py:93} INFO - [0m20:06:16
[2025-03-13T20:06:16.402+0000] {subprocess.py:93} INFO - [0m20:06:16  Finished running 1 incremental model in 0 hours 0 minutes and 2.84 seconds (2.84s).
[2025-03-13T20:06:16.481+0000] {subprocess.py:93} INFO - [0m20:06:16
[2025-03-13T20:06:16.481+0000] {subprocess.py:93} INFO - [0m20:06:16  [32mCompleted successfully[0m
[2025-03-13T20:06:16.482+0000] {subprocess.py:93} INFO - [0m20:06:16
[2025-03-13T20:06:16.482+0000] {subprocess.py:93} INFO - [0m20:06:16  Done. PASS=1 WARN=0 ERROR=0 SKIP=0 TOTAL=1
[2025-03-13T20:06:18.498+0000] {subprocess.py:97} INFO - Command exited with return code 0
[2025-03-13T20:06:18.499+0000] {taskinstance.py:441} INFO - ::group::Post task execution logs
[2025-03-13T20:06:18.536+0000] {taskinstance.py:1205} INFO - Marking task as SUCCESS. dag_id=sales_pipeline, task_id=silver_layer.crm_prd_info, execution_date=20250313T194500, start_date=20250313T200603, end_date=20250313T200618
[2025-03-13T20:06:18.591+0000] {local_task_job_runner.py:240} INFO - Task exited with return code 0
[2025-03-13T20:06:18.621+0000] {taskinstance.py:3482} INFO - 0 downstream tasks scheduled from follow-on schedule check
[2025-03-13T20:06:18.624+0000] {local_task_job_runner.py:222} INFO - ::endgroup::
