[2025-03-10T18:52:13.727+0000] {local_task_job_runner.py:120} INFO - ::group::Pre task execution logs
[2025-03-10T18:52:13.757+0000] {taskinstance.py:2073} INFO - Dependencies all met for dep_context=non-requeueable deps ti=<TaskInstance: sales_pipeline.ingest_crm_data manual__2025-03-10T18:52:07.709634+00:00 [queued]>
[2025-03-10T18:52:13.766+0000] {taskinstance.py:2073} INFO - Dependencies all met for dep_context=requeueable deps ti=<TaskInstance: sales_pipeline.ingest_crm_data manual__2025-03-10T18:52:07.709634+00:00 [queued]>
[2025-03-10T18:52:13.766+0000] {taskinstance.py:2303} INFO - Starting attempt 1 of 1
[2025-03-10T18:52:13.778+0000] {taskinstance.py:2327} INFO - Executing <Task(PythonOperator): ingest_crm_data> on 2025-03-10 18:52:07.709634+00:00
[2025-03-10T18:52:13.787+0000] {warnings.py:110} WARNING - /home/***/.local/lib/python3.12/site-packages/***/task/task_runner/standard_task_runner.py:61: DeprecationWarning: This process (pid=67) is multi-threaded, use of fork() may lead to deadlocks in the child.
  pid = os.fork()

[2025-03-10T18:52:13.788+0000] {standard_task_runner.py:63} INFO - Started process 70 to run task
[2025-03-10T18:52:13.789+0000] {standard_task_runner.py:90} INFO - Running: ['***', 'tasks', 'run', 'sales_pipeline', 'ingest_crm_data', 'manual__2025-03-10T18:52:07.709634+00:00', '--job-id', '18', '--raw', '--subdir', 'DAGS_FOLDER/pipeline.py', '--cfg-path', '/tmp/tmpuyuf6vih']
[2025-03-10T18:52:13.790+0000] {standard_task_runner.py:91} INFO - Job 18: Subtask ingest_crm_data
[2025-03-10T18:52:13.829+0000] {task_command.py:426} INFO - Running <TaskInstance: sales_pipeline.ingest_crm_data manual__2025-03-10T18:52:07.709634+00:00 [running]> on host e9482cc19388
[2025-03-10T18:52:13.914+0000] {taskinstance.py:2644} INFO - Exporting env vars: AIRFLOW_CTX_DAG_OWNER='Mahmoud' AIRFLOW_CTX_DAG_ID='sales_pipeline' AIRFLOW_CTX_TASK_ID='ingest_crm_data' AIRFLOW_CTX_EXECUTION_DATE='2025-03-10T18:52:07.709634+00:00' AIRFLOW_CTX_TRY_NUMBER='1' AIRFLOW_CTX_DAG_RUN_ID='manual__2025-03-10T18:52:07.709634+00:00'
[2025-03-10T18:52:13.916+0000] {taskinstance.py:430} INFO - ::endgroup::
[2025-03-10T18:52:13.928+0000] {pipeline.py:65} INFO - ingest crm data 
[2025-03-10T18:52:13.928+0000] {ingest_data.py:28} ERROR - Error ingesting data from cust_info.csv into crm_cust_info: 'NoneType' object has no attribute 'execute'
[2025-03-10T18:52:13.929+0000] {ingest_data.py:28} ERROR - Error ingesting data from prd_info.csv into crm_prd_info: 'NoneType' object has no attribute 'execute'
[2025-03-10T18:52:13.929+0000] {ingest_data.py:28} ERROR - Error ingesting data from sales_details.csv into crm_sales_details: 'NoneType' object has no attribute 'execute'
[2025-03-10T18:52:13.929+0000] {python.py:237} INFO - Done. Returned value was: None
[2025-03-10T18:52:13.929+0000] {taskinstance.py:441} INFO - ::group::Post task execution logs
[2025-03-10T18:52:13.938+0000] {taskinstance.py:1205} INFO - Marking task as SUCCESS. dag_id=sales_pipeline, task_id=ingest_crm_data, execution_date=20250310T185207, start_date=20250310T185213, end_date=20250310T185213
[2025-03-10T18:52:13.962+0000] {local_task_job_runner.py:240} INFO - Task exited with return code 0
[2025-03-10T18:52:13.977+0000] {taskinstance.py:3482} INFO - 0 downstream tasks scheduled from follow-on schedule check
[2025-03-10T18:52:13.978+0000] {local_task_job_runner.py:222} INFO - ::endgroup::
