[2025-03-13T20:06:03.808+0000] {local_task_job_runner.py:120} INFO - ::group::Pre task execution logs
[2025-03-13T20:06:03.858+0000] {taskinstance.py:2073} INFO - Dependencies all met for dep_context=non-requeueable deps ti=<TaskInstance: sales_pipeline.silver_layer.erp_cust scheduled__2025-03-13T19:45:00+00:00 [queued]>
[2025-03-13T20:06:03.899+0000] {taskinstance.py:2073} INFO - Dependencies all met for dep_context=requeueable deps ti=<TaskInstance: sales_pipeline.silver_layer.erp_cust scheduled__2025-03-13T19:45:00+00:00 [queued]>
[2025-03-13T20:06:03.900+0000] {taskinstance.py:2303} INFO - Starting attempt 1 of 1
[2025-03-13T20:06:03.926+0000] {taskinstance.py:2327} INFO - Executing <Task(BashOperator): silver_layer.erp_cust> on 2025-03-13 19:45:00+00:00
[2025-03-13T20:06:03.946+0000] {warnings.py:110} WARNING - /home/***/.local/lib/python3.12/site-packages/***/task/task_runner/standard_task_runner.py:61: DeprecationWarning: This process (pid=446) is multi-threaded, use of fork() may lead to deadlocks in the child.
  pid = os.fork()

[2025-03-13T20:06:03.948+0000] {standard_task_runner.py:63} INFO - Started process 457 to run task
[2025-03-13T20:06:03.949+0000] {standard_task_runner.py:90} INFO - Running: ['***', 'tasks', 'run', 'sales_pipeline', 'silver_layer.erp_cust', 'scheduled__2025-03-13T19:45:00+00:00', '--job-id', '173', '--raw', '--subdir', 'DAGS_FOLDER/pipeline.py', '--cfg-path', '/tmp/tmpsgtohez8']
[2025-03-13T20:06:03.959+0000] {standard_task_runner.py:91} INFO - Job 173: Subtask silver_layer.erp_cust
[2025-03-13T20:06:04.054+0000] {task_command.py:426} INFO - Running <TaskInstance: sales_pipeline.silver_layer.erp_cust scheduled__2025-03-13T19:45:00+00:00 [running]> on host 2b35ac7f54da
[2025-03-13T20:06:04.221+0000] {taskinstance.py:2644} INFO - Exporting env vars: AIRFLOW_CTX_DAG_OWNER='Mahmoud' AIRFLOW_CTX_DAG_ID='sales_pipeline' AIRFLOW_CTX_TASK_ID='silver_layer.erp_cust' AIRFLOW_CTX_EXECUTION_DATE='2025-03-13T19:45:00+00:00' AIRFLOW_CTX_TRY_NUMBER='1' AIRFLOW_CTX_DAG_RUN_ID='scheduled__2025-03-13T19:45:00+00:00'
[2025-03-13T20:06:04.223+0000] {taskinstance.py:430} INFO - ::endgroup::
[2025-03-13T20:06:04.249+0000] {subprocess.py:63} INFO - Tmp dir root location: /tmp
[2025-03-13T20:06:04.250+0000] {subprocess.py:75} INFO - Running command: ['/usr/bin/bash', '-c', 'dbt run --full-refresh --profiles-dir /opt/***/dbt --project-dir /opt/***/dbt/sales --models erp_cust']
[2025-03-13T20:06:04.268+0000] {subprocess.py:86} INFO - Output:
[2025-03-13T20:06:09.482+0000] {subprocess.py:93} INFO - [0m20:06:09  Running with dbt=1.9.3
[2025-03-13T20:06:10.792+0000] {subprocess.py:93} INFO - /home/***/.local/lib/python3.12/site-packages/snowflake/connector/options.py:108: UserWarning: You have an incompatible version of 'pyarrow' installed (19.0.1), please install a version that adheres to: 'pyarrow<19.0.0; extra == "pandas"'
[2025-03-13T20:06:10.793+0000] {subprocess.py:93} INFO -   warn_incompatible_dep(
[2025-03-13T20:06:11.837+0000] {subprocess.py:93} INFO - [0m20:06:11  Registered adapter: snowflake=1.9.2
[2025-03-13T20:06:12.962+0000] {subprocess.py:93} INFO - [0m20:06:12  [[33mWARNING[0m]: Configuration paths exist in your dbt_project.yml file which do not apply to any resources.
[2025-03-13T20:06:12.963+0000] {subprocess.py:93} INFO - There are 1 unused configuration paths:
[2025-03-13T20:06:12.963+0000] {subprocess.py:93} INFO - - models.sales.Gold_layer
[2025-03-13T20:06:13.527+0000] {subprocess.py:93} INFO - [0m20:06:13  Found 6 models, 35 data tests, 6 sources, 855 macros
[2025-03-13T20:06:13.534+0000] {subprocess.py:93} INFO - [0m20:06:13
[2025-03-13T20:06:13.536+0000] {subprocess.py:93} INFO - [0m20:06:13  Concurrency: 2 threads (target='dev')
[2025-03-13T20:06:13.540+0000] {subprocess.py:93} INFO - [0m20:06:13
[2025-03-13T20:06:14.880+0000] {subprocess.py:93} INFO - [0m20:06:14  1 of 1 START sql incremental model layer_silver.erp_cust ....................... [RUN]
[2025-03-13T20:06:16.304+0000] {subprocess.py:93} INFO - [0m20:06:16  1 of 1 OK created sql incremental model layer_silver.erp_cust .................. [[32mSUCCESS 1[0m in 1.42s]
[2025-03-13T20:06:16.530+0000] {subprocess.py:93} INFO - [0m20:06:16
[2025-03-13T20:06:16.531+0000] {subprocess.py:93} INFO - [0m20:06:16  Finished running 1 incremental model in 0 hours 0 minutes and 2.99 seconds (2.99s).
[2025-03-13T20:06:16.605+0000] {subprocess.py:93} INFO - [0m20:06:16
[2025-03-13T20:06:16.606+0000] {subprocess.py:93} INFO - [0m20:06:16  [32mCompleted successfully[0m
[2025-03-13T20:06:16.606+0000] {subprocess.py:93} INFO - [0m20:06:16
[2025-03-13T20:06:16.607+0000] {subprocess.py:93} INFO - [0m20:06:16  Done. PASS=1 WARN=0 ERROR=0 SKIP=0 TOTAL=1
[2025-03-13T20:06:18.010+0000] {subprocess.py:97} INFO - Command exited with return code 0
[2025-03-13T20:06:18.011+0000] {taskinstance.py:441} INFO - ::group::Post task execution logs
[2025-03-13T20:06:18.041+0000] {taskinstance.py:1205} INFO - Marking task as SUCCESS. dag_id=sales_pipeline, task_id=silver_layer.erp_cust, execution_date=20250313T194500, start_date=20250313T200603, end_date=20250313T200618
[2025-03-13T20:06:18.084+0000] {local_task_job_runner.py:240} INFO - Task exited with return code 0
[2025-03-13T20:06:18.135+0000] {taskinstance.py:3482} INFO - 0 downstream tasks scheduled from follow-on schedule check
[2025-03-13T20:06:18.137+0000] {local_task_job_runner.py:222} INFO - ::endgroup::
