[2025-03-10T19:36:04.511+0000] {local_task_job_runner.py:120} INFO - ::group::Pre task execution logs
[2025-03-10T19:36:04.535+0000] {taskinstance.py:2073} INFO - Dependencies all met for dep_context=non-requeueable deps ti=<TaskInstance: sales_pipeline.ingest_erp_data manual__2025-03-10T19:32:26.566805+00:00 [queued]>
[2025-03-10T19:36:04.545+0000] {taskinstance.py:2073} INFO - Dependencies all met for dep_context=requeueable deps ti=<TaskInstance: sales_pipeline.ingest_erp_data manual__2025-03-10T19:32:26.566805+00:00 [queued]>
[2025-03-10T19:36:04.545+0000] {taskinstance.py:2303} INFO - Starting attempt 2 of 2
[2025-03-10T19:36:04.559+0000] {taskinstance.py:2327} INFO - Executing <Task(PythonOperator): ingest_erp_data> on 2025-03-10 19:32:26.566805+00:00
[2025-03-10T19:36:04.568+0000] {warnings.py:110} WARNING - /home/***/.local/lib/python3.12/site-packages/***/task/task_runner/standard_task_runner.py:61: DeprecationWarning: This process (pid=90) is multi-threaded, use of fork() may lead to deadlocks in the child.
  pid = os.fork()

[2025-03-10T19:36:04.569+0000] {standard_task_runner.py:63} INFO - Started process 92 to run task
[2025-03-10T19:36:04.570+0000] {standard_task_runner.py:90} INFO - Running: ['***', 'tasks', 'run', 'sales_pipeline', 'ingest_erp_data', 'manual__2025-03-10T19:32:26.566805+00:00', '--job-id', '85', '--raw', '--subdir', 'DAGS_FOLDER/pipeline.py', '--cfg-path', '/tmp/tmp7ceg6_il']
[2025-03-10T19:36:04.572+0000] {standard_task_runner.py:91} INFO - Job 85: Subtask ingest_erp_data
[2025-03-10T19:36:04.612+0000] {task_command.py:426} INFO - Running <TaskInstance: sales_pipeline.ingest_erp_data manual__2025-03-10T19:32:26.566805+00:00 [running]> on host 2b35ac7f54da
[2025-03-10T19:36:04.695+0000] {taskinstance.py:2644} INFO - Exporting env vars: AIRFLOW_CTX_DAG_OWNER='Mahmoud' AIRFLOW_CTX_DAG_ID='sales_pipeline' AIRFLOW_CTX_TASK_ID='ingest_erp_data' AIRFLOW_CTX_EXECUTION_DATE='2025-03-10T19:32:26.566805+00:00' AIRFLOW_CTX_TRY_NUMBER='2' AIRFLOW_CTX_DAG_RUN_ID='manual__2025-03-10T19:32:26.566805+00:00'
[2025-03-10T19:36:04.696+0000] {taskinstance.py:430} INFO - ::endgroup::
[2025-03-10T19:36:04.709+0000] {pipeline.py:95} INFO - /opt/***/Source/source_crm
[2025-03-10T19:36:04.801+0000] {warnings.py:110} WARNING - /home/***/.local/lib/python3.12/site-packages/snowflake/connector/options.py:108: UserWarning: You have an incompatible version of 'pyarrow' installed (19.0.1), please install a version that adheres to: 'pyarrow<19.0.0; extra == "pandas"'
  warn_incompatible_dep(

[2025-03-10T19:36:04.948+0000] {connection.py:423} INFO - Snowflake Connector for Python Version: 3.14.0, Python Version: 3.12.2, Platform: Linux-6.11.0-19-generic-x86_64-with-glibc2.36
[2025-03-10T19:36:04.949+0000] {connection.py:1226} INFO - Connecting to GLOBAL Snowflake domain
[2025-03-10T19:36:04.949+0000] {connection.py:1315} INFO - This connection is in OCSP Fail Open Mode. TLS Certificates would be checked for validity and revocation status. Any other Certificate Revocation related exceptions or OCSP Responder failures would be disregarded in favor of connectivity.
[2025-03-10T19:36:05.829+0000] {snowflake_utilz.py:13} INFO - Connected to snowflake successfully
[2025-03-10T19:36:05.834+0000] {snowflake_utilz.py:26} INFO - Connected to PostgreSQL database successfully
[2025-03-10T19:36:05.835+0000] {pipeline.py:103} INFO - 📥 Ingesting ERP data...
[2025-03-10T19:36:05.836+0000] {ingest_data.py:15} INFO - Start ingesting CUST_AZ12.csv into erp_cust_az12
[2025-03-10T19:36:05.859+0000] {snowflake_utilz.py:42} INFO - loading raw data into table erp_cust_az12
[2025-03-10T19:36:05.863+0000] {connection.py:423} INFO - Snowflake Connector for Python Version: 3.14.0, Python Version: 3.12.2, Platform: Linux-6.11.0-19-generic-x86_64-with-glibc2.36
[2025-03-10T19:36:05.863+0000] {connection.py:1226} INFO - Connecting to GLOBAL Snowflake domain
[2025-03-10T19:36:05.863+0000] {connection.py:1315} INFO - This connection is in OCSP Fail Open Mode. TLS Certificates would be checked for validity and revocation status. Any other Certificate Revocation related exceptions or OCSP Responder failures would be disregarded in favor of connectivity.
[2025-03-10T19:36:10.479+0000] {snowflake_utilz.py:47} INFO - raw data loaded successfully into erp_cust_az12 with 18484 rows
[2025-03-10T19:36:10.481+0000] {ingest_data.py:25} INFO - Data ingested successfully into erp_cust_az12
[2025-03-10T19:36:10.483+0000] {ingest_data.py:15} INFO - Start ingesting LOC_A101.csv into erp_loc_a101
[2025-03-10T19:36:10.501+0000] {snowflake_utilz.py:42} INFO - loading raw data into table erp_loc_a101
[2025-03-10T19:36:13.223+0000] {snowflake_utilz.py:47} INFO - raw data loaded successfully into erp_loc_a101 with 18484 rows
[2025-03-10T19:36:13.224+0000] {ingest_data.py:25} INFO - Data ingested successfully into erp_loc_a101
[2025-03-10T19:36:13.226+0000] {ingest_data.py:15} INFO - Start ingesting PX_CAT_G1V2.csv into erp_px_cat_g1v2
[2025-03-10T19:36:13.229+0000] {snowflake_utilz.py:42} INFO - loading raw data into table erp_px_cat_g1v2
[2025-03-10T19:36:14.077+0000] {snowflake_utilz.py:47} INFO - raw data loaded successfully into erp_px_cat_g1v2 with 37 rows
[2025-03-10T19:36:14.079+0000] {ingest_data.py:25} INFO - Data ingested successfully into erp_px_cat_g1v2
[2025-03-10T19:36:14.174+0000] {snowflake_utilz.py:35} INFO - connection is closed
[2025-03-10T19:36:14.174+0000] {connection.py:810} INFO - closed
[2025-03-10T19:36:14.254+0000] {connection.py:816} INFO - No async queries seem to be running, deleting session
[2025-03-10T19:36:14.335+0000] {connection.py:810} INFO - closed
[2025-03-10T19:36:14.406+0000] {connection.py:816} INFO - No async queries seem to be running, deleting session
[2025-03-10T19:36:14.483+0000] {snowflake_utilz.py:38} INFO - SQLAlchemy engine disposed
[2025-03-10T19:36:14.484+0000] {snowflake_utilz.py:35} INFO - connection is closed
[2025-03-10T19:36:14.484+0000] {snowflake_utilz.py:38} INFO - SQLAlchemy engine disposed
[2025-03-10T19:36:14.484+0000] {python.py:237} INFO - Done. Returned value was: None
[2025-03-10T19:36:14.485+0000] {taskinstance.py:441} INFO - ::group::Post task execution logs
[2025-03-10T19:36:14.495+0000] {taskinstance.py:1205} INFO - Marking task as SUCCESS. dag_id=sales_pipeline, task_id=ingest_erp_data, execution_date=20250310T193226, start_date=20250310T193604, end_date=20250310T193614
[2025-03-10T19:36:14.530+0000] {local_task_job_runner.py:240} INFO - Task exited with return code 0
[2025-03-10T19:36:14.543+0000] {taskinstance.py:3482} INFO - 0 downstream tasks scheduled from follow-on schedule check
[2025-03-10T19:36:14.544+0000] {local_task_job_runner.py:222} INFO - ::endgroup::
