[2025-03-13T20:15:18.802+0000] {local_task_job_runner.py:120} INFO - ::group::Pre task execution logs
[2025-03-13T20:15:18.857+0000] {taskinstance.py:2073} INFO - Dependencies all met for dep_context=non-requeueable deps ti=<TaskInstance: sales_pipeline.silver_layer.erp_cust scheduled__2025-03-13T20:00:00+00:00 [queued]>
[2025-03-13T20:15:18.873+0000] {taskinstance.py:2073} INFO - Dependencies all met for dep_context=requeueable deps ti=<TaskInstance: sales_pipeline.silver_layer.erp_cust scheduled__2025-03-13T20:00:00+00:00 [queued]>
[2025-03-13T20:15:18.874+0000] {taskinstance.py:2303} INFO - Starting attempt 1 of 1
[2025-03-13T20:15:18.902+0000] {taskinstance.py:2327} INFO - Executing <Task(BashOperator): silver_layer.erp_cust> on 2025-03-13 20:00:00+00:00
[2025-03-13T20:15:18.915+0000] {warnings.py:110} WARNING - /home/***/.local/lib/python3.12/site-packages/***/task/task_runner/standard_task_runner.py:61: DeprecationWarning: This process (pid=722) is multi-threaded, use of fork() may lead to deadlocks in the child.
  pid = os.fork()

[2025-03-13T20:15:18.917+0000] {standard_task_runner.py:63} INFO - Started process 731 to run task
[2025-03-13T20:15:18.917+0000] {standard_task_runner.py:90} INFO - Running: ['***', 'tasks', 'run', 'sales_pipeline', 'silver_layer.erp_cust', 'scheduled__2025-03-13T20:00:00+00:00', '--job-id', '187', '--raw', '--subdir', 'DAGS_FOLDER/pipeline.py', '--cfg-path', '/tmp/tmp6sxvbf67']
[2025-03-13T20:15:18.921+0000] {standard_task_runner.py:91} INFO - Job 187: Subtask silver_layer.erp_cust
[2025-03-13T20:15:19.017+0000] {task_command.py:426} INFO - Running <TaskInstance: sales_pipeline.silver_layer.erp_cust scheduled__2025-03-13T20:00:00+00:00 [running]> on host 2b35ac7f54da
[2025-03-13T20:15:19.201+0000] {taskinstance.py:2644} INFO - Exporting env vars: AIRFLOW_CTX_DAG_OWNER='Mahmoud' AIRFLOW_CTX_DAG_ID='sales_pipeline' AIRFLOW_CTX_TASK_ID='silver_layer.erp_cust' AIRFLOW_CTX_EXECUTION_DATE='2025-03-13T20:00:00+00:00' AIRFLOW_CTX_TRY_NUMBER='1' AIRFLOW_CTX_DAG_RUN_ID='scheduled__2025-03-13T20:00:00+00:00'
[2025-03-13T20:15:19.203+0000] {taskinstance.py:430} INFO - ::endgroup::
[2025-03-13T20:15:19.228+0000] {subprocess.py:63} INFO - Tmp dir root location: /tmp
[2025-03-13T20:15:19.229+0000] {subprocess.py:75} INFO - Running command: ['/usr/bin/bash', '-c', 'dbt run --full-refresh --profiles-dir /opt/***/dbt --project-dir /opt/***/dbt/sales --models erp_cust']
[2025-03-13T20:15:19.261+0000] {subprocess.py:86} INFO - Output:
[2025-03-13T20:15:24.206+0000] {subprocess.py:93} INFO - [0m20:15:24  Running with dbt=1.9.3
[2025-03-13T20:15:25.319+0000] {subprocess.py:93} INFO - /home/***/.local/lib/python3.12/site-packages/snowflake/connector/options.py:108: UserWarning: You have an incompatible version of 'pyarrow' installed (19.0.1), please install a version that adheres to: 'pyarrow<19.0.0; extra == "pandas"'
[2025-03-13T20:15:25.321+0000] {subprocess.py:93} INFO -   warn_incompatible_dep(
[2025-03-13T20:15:26.487+0000] {subprocess.py:93} INFO - [0m20:15:26  Registered adapter: snowflake=1.9.2
[2025-03-13T20:15:27.706+0000] {subprocess.py:93} INFO - [0m20:15:27  [[33mWARNING[0m]: Configuration paths exist in your dbt_project.yml file which do not apply to any resources.
[2025-03-13T20:15:27.707+0000] {subprocess.py:93} INFO - There are 1 unused configuration paths:
[2025-03-13T20:15:27.707+0000] {subprocess.py:93} INFO - - models.sales.Gold_layer
[2025-03-13T20:15:28.111+0000] {subprocess.py:93} INFO - [0m20:15:28  Found 6 models, 35 data tests, 6 sources, 855 macros
[2025-03-13T20:15:28.116+0000] {subprocess.py:93} INFO - [0m20:15:28
[2025-03-13T20:15:28.118+0000] {subprocess.py:93} INFO - [0m20:15:28  Concurrency: 2 threads (target='dev')
[2025-03-13T20:15:28.119+0000] {subprocess.py:93} INFO - [0m20:15:28
[2025-03-13T20:15:29.320+0000] {subprocess.py:93} INFO - [0m20:15:29  1 of 1 START sql incremental model layer_silver.erp_cust ....................... [RUN]
[2025-03-13T20:15:30.842+0000] {subprocess.py:93} INFO - [0m20:15:30  1 of 1 OK created sql incremental model layer_silver.erp_cust .................. [[32mSUCCESS 1[0m in 1.52s]
[2025-03-13T20:15:31.005+0000] {subprocess.py:93} INFO - [0m20:15:31
[2025-03-13T20:15:31.005+0000] {subprocess.py:93} INFO - [0m20:15:31  Finished running 1 incremental model in 0 hours 0 minutes and 2.89 seconds (2.89s).
[2025-03-13T20:15:31.088+0000] {subprocess.py:93} INFO - [0m20:15:31
[2025-03-13T20:15:31.089+0000] {subprocess.py:93} INFO - [0m20:15:31  [32mCompleted successfully[0m
[2025-03-13T20:15:31.089+0000] {subprocess.py:93} INFO - [0m20:15:31
[2025-03-13T20:15:31.090+0000] {subprocess.py:93} INFO - [0m20:15:31  Done. PASS=1 WARN=0 ERROR=0 SKIP=0 TOTAL=1
[2025-03-13T20:15:32.515+0000] {subprocess.py:97} INFO - Command exited with return code 0
[2025-03-13T20:15:32.515+0000] {taskinstance.py:441} INFO - ::group::Post task execution logs
[2025-03-13T20:15:32.542+0000] {taskinstance.py:1205} INFO - Marking task as SUCCESS. dag_id=sales_pipeline, task_id=silver_layer.erp_cust, execution_date=20250313T200000, start_date=20250313T201518, end_date=20250313T201532
[2025-03-13T20:15:32.579+0000] {local_task_job_runner.py:240} INFO - Task exited with return code 0
[2025-03-13T20:15:32.603+0000] {taskinstance.py:3482} INFO - 6 downstream tasks scheduled from follow-on schedule check
[2025-03-13T20:15:32.605+0000] {local_task_job_runner.py:222} INFO - ::endgroup::
