[2025-03-14T01:04:07.717+0000] {local_task_job_runner.py:120} INFO - ::group::Pre task execution logs
[2025-03-14T01:04:07.772+0000] {taskinstance.py:2073} INFO - Dependencies all met for dep_context=non-requeueable deps ti=<TaskInstance: sales_pipeline.silver_layer.erp_customer_loc scheduled__2025-03-14T00:45:00+00:00 [queued]>
[2025-03-14T01:04:07.797+0000] {taskinstance.py:2073} INFO - Dependencies all met for dep_context=requeueable deps ti=<TaskInstance: sales_pipeline.silver_layer.erp_customer_loc scheduled__2025-03-14T00:45:00+00:00 [queued]>
[2025-03-14T01:04:07.798+0000] {taskinstance.py:2303} INFO - Starting attempt 1 of 1
[2025-03-14T01:04:07.821+0000] {taskinstance.py:2327} INFO - Executing <Task(BashOperator): silver_layer.erp_customer_loc> on 2025-03-14 00:45:00+00:00
[2025-03-14T01:04:07.834+0000] {warnings.py:110} WARNING - /home/***/.local/lib/python3.12/site-packages/***/task/task_runner/standard_task_runner.py:61: DeprecationWarning: This process (pid=1991) is multi-threaded, use of fork() may lead to deadlocks in the child.
  pid = os.fork()

[2025-03-14T01:04:07.836+0000] {standard_task_runner.py:63} INFO - Started process 2004 to run task
[2025-03-14T01:04:07.836+0000] {standard_task_runner.py:90} INFO - Running: ['***', 'tasks', 'run', 'sales_pipeline', 'silver_layer.erp_customer_loc', 'scheduled__2025-03-14T00:45:00+00:00', '--job-id', '223', '--raw', '--subdir', 'DAGS_FOLDER/pipeline.py', '--cfg-path', '/tmp/tmpwm3etizc']
[2025-03-14T01:04:07.843+0000] {standard_task_runner.py:91} INFO - Job 223: Subtask silver_layer.erp_customer_loc
[2025-03-14T01:04:07.918+0000] {task_command.py:426} INFO - Running <TaskInstance: sales_pipeline.silver_layer.erp_customer_loc scheduled__2025-03-14T00:45:00+00:00 [running]> on host 2b35ac7f54da
[2025-03-14T01:04:08.101+0000] {taskinstance.py:2644} INFO - Exporting env vars: AIRFLOW_CTX_DAG_OWNER='Mahmoud' AIRFLOW_CTX_DAG_ID='sales_pipeline' AIRFLOW_CTX_TASK_ID='silver_layer.erp_customer_loc' AIRFLOW_CTX_EXECUTION_DATE='2025-03-14T00:45:00+00:00' AIRFLOW_CTX_TRY_NUMBER='1' AIRFLOW_CTX_DAG_RUN_ID='scheduled__2025-03-14T00:45:00+00:00'
[2025-03-14T01:04:08.106+0000] {taskinstance.py:430} INFO - ::endgroup::
[2025-03-14T01:04:08.132+0000] {subprocess.py:63} INFO - Tmp dir root location: /tmp
[2025-03-14T01:04:08.133+0000] {subprocess.py:75} INFO - Running command: ['/usr/bin/bash', '-c', 'dbt run --full-refresh --profiles-dir /opt/***/dbt --project-dir /opt/***/dbt/sales --models erp_customer_loc']
[2025-03-14T01:04:08.160+0000] {subprocess.py:86} INFO - Output:
[2025-03-14T01:04:13.938+0000] {subprocess.py:93} INFO - [0m01:04:13  Running with dbt=1.9.3
[2025-03-14T01:04:15.163+0000] {subprocess.py:93} INFO - /home/***/.local/lib/python3.12/site-packages/snowflake/connector/options.py:108: UserWarning: You have an incompatible version of 'pyarrow' installed (19.0.1), please install a version that adheres to: 'pyarrow<19.0.0; extra == "pandas"'
[2025-03-14T01:04:15.164+0000] {subprocess.py:93} INFO -   warn_incompatible_dep(
[2025-03-14T01:04:16.305+0000] {subprocess.py:93} INFO - [0m01:04:16  Registered adapter: snowflake=1.9.2
[2025-03-14T01:04:17.717+0000] {subprocess.py:93} INFO - [0m01:04:17  Found 10 models, 41 data tests, 6 sources, 855 macros
[2025-03-14T01:04:17.722+0000] {subprocess.py:93} INFO - [0m01:04:17
[2025-03-14T01:04:17.723+0000] {subprocess.py:93} INFO - [0m01:04:17  Concurrency: 2 threads (target='dev')
[2025-03-14T01:04:17.724+0000] {subprocess.py:93} INFO - [0m01:04:17
[2025-03-14T01:04:19.276+0000] {subprocess.py:93} INFO - [0m01:04:19  1 of 1 START sql incremental model layer_silver.erp_customer_loc ............... [RUN]
[2025-03-14T01:04:21.192+0000] {subprocess.py:93} INFO - [0m01:04:21  1 of 1 OK created sql incremental model layer_silver.erp_customer_loc .......... [[32mSUCCESS 1[0m in 1.91s]
[2025-03-14T01:04:21.507+0000] {subprocess.py:93} INFO - [0m01:04:21
[2025-03-14T01:04:21.508+0000] {subprocess.py:93} INFO - [0m01:04:21  Finished running 1 incremental model in 0 hours 0 minutes and 3.78 seconds (3.78s).
[2025-03-14T01:04:21.628+0000] {subprocess.py:93} INFO - [0m01:04:21
[2025-03-14T01:04:21.629+0000] {subprocess.py:93} INFO - [0m01:04:21  [32mCompleted successfully[0m
[2025-03-14T01:04:21.629+0000] {subprocess.py:93} INFO - [0m01:04:21
[2025-03-14T01:04:21.630+0000] {subprocess.py:93} INFO - [0m01:04:21  Done. PASS=1 WARN=0 ERROR=0 SKIP=0 TOTAL=1
[2025-03-14T01:04:23.225+0000] {subprocess.py:97} INFO - Command exited with return code 0
[2025-03-14T01:04:23.228+0000] {taskinstance.py:441} INFO - ::group::Post task execution logs
[2025-03-14T01:04:23.280+0000] {taskinstance.py:1205} INFO - Marking task as SUCCESS. dag_id=sales_pipeline, task_id=silver_layer.erp_customer_loc, execution_date=20250314T004500, start_date=20250314T010407, end_date=20250314T010423
[2025-03-14T01:04:23.315+0000] {local_task_job_runner.py:240} INFO - Task exited with return code 0
[2025-03-14T01:04:23.432+0000] {taskinstance.py:3482} INFO - 0 downstream tasks scheduled from follow-on schedule check
[2025-03-14T01:04:23.434+0000] {local_task_job_runner.py:222} INFO - ::endgroup::
