[2025-03-13T20:06:03.801+0000] {local_task_job_runner.py:120} INFO - ::group::Pre task execution logs
[2025-03-13T20:06:03.847+0000] {taskinstance.py:2073} INFO - Dependencies all met for dep_context=non-requeueable deps ti=<TaskInstance: sales_pipeline.silver_layer.crm_salse_details scheduled__2025-03-13T19:45:00+00:00 [queued]>
[2025-03-13T20:06:03.861+0000] {taskinstance.py:2073} INFO - Dependencies all met for dep_context=requeueable deps ti=<TaskInstance: sales_pipeline.silver_layer.crm_salse_details scheduled__2025-03-13T19:45:00+00:00 [queued]>
[2025-03-13T20:06:03.862+0000] {taskinstance.py:2303} INFO - Starting attempt 1 of 1
[2025-03-13T20:06:03.891+0000] {taskinstance.py:2327} INFO - Executing <Task(BashOperator): silver_layer.crm_salse_details> on 2025-03-13 19:45:00+00:00
[2025-03-13T20:06:03.904+0000] {warnings.py:110} WARNING - /home/***/.local/lib/python3.12/site-packages/***/task/task_runner/standard_task_runner.py:61: DeprecationWarning: This process (pid=444) is multi-threaded, use of fork() may lead to deadlocks in the child.
  pid = os.fork()

[2025-03-13T20:06:03.906+0000] {standard_task_runner.py:63} INFO - Started process 456 to run task
[2025-03-13T20:06:03.908+0000] {standard_task_runner.py:90} INFO - Running: ['***', 'tasks', 'run', 'sales_pipeline', 'silver_layer.crm_salse_details', 'scheduled__2025-03-13T19:45:00+00:00', '--job-id', '172', '--raw', '--subdir', 'DAGS_FOLDER/pipeline.py', '--cfg-path', '/tmp/tmp7in819go']
[2025-03-13T20:06:03.911+0000] {standard_task_runner.py:91} INFO - Job 172: Subtask silver_layer.crm_salse_details
[2025-03-13T20:06:04.012+0000] {task_command.py:426} INFO - Running <TaskInstance: sales_pipeline.silver_layer.crm_salse_details scheduled__2025-03-13T19:45:00+00:00 [running]> on host 2b35ac7f54da
[2025-03-13T20:06:04.171+0000] {taskinstance.py:2644} INFO - Exporting env vars: AIRFLOW_CTX_DAG_OWNER='Mahmoud' AIRFLOW_CTX_DAG_ID='sales_pipeline' AIRFLOW_CTX_TASK_ID='silver_layer.crm_salse_details' AIRFLOW_CTX_EXECUTION_DATE='2025-03-13T19:45:00+00:00' AIRFLOW_CTX_TRY_NUMBER='1' AIRFLOW_CTX_DAG_RUN_ID='scheduled__2025-03-13T19:45:00+00:00'
[2025-03-13T20:06:04.173+0000] {taskinstance.py:430} INFO - ::endgroup::
[2025-03-13T20:06:04.196+0000] {subprocess.py:63} INFO - Tmp dir root location: /tmp
[2025-03-13T20:06:04.196+0000] {subprocess.py:75} INFO - Running command: ['/usr/bin/bash', '-c', 'dbt run --full-refresh --profiles-dir /opt/***/dbt --project-dir /opt/***/dbt/sales --models crm_salse_details']
[2025-03-13T20:06:04.217+0000] {subprocess.py:86} INFO - Output:
[2025-03-13T20:06:09.683+0000] {subprocess.py:93} INFO - [0m20:06:09  Running with dbt=1.9.3
[2025-03-13T20:06:10.849+0000] {subprocess.py:93} INFO - /home/***/.local/lib/python3.12/site-packages/snowflake/connector/options.py:108: UserWarning: You have an incompatible version of 'pyarrow' installed (19.0.1), please install a version that adheres to: 'pyarrow<19.0.0; extra == "pandas"'
[2025-03-13T20:06:10.850+0000] {subprocess.py:93} INFO -   warn_incompatible_dep(
[2025-03-13T20:06:11.882+0000] {subprocess.py:93} INFO - [0m20:06:11  Registered adapter: snowflake=1.9.2
[2025-03-13T20:06:13.164+0000] {subprocess.py:93} INFO - [0m20:06:13  [[33mWARNING[0m]: Configuration paths exist in your dbt_project.yml file which do not apply to any resources.
[2025-03-13T20:06:13.164+0000] {subprocess.py:93} INFO - There are 1 unused configuration paths:
[2025-03-13T20:06:13.165+0000] {subprocess.py:93} INFO - - models.sales.Gold_layer
[2025-03-13T20:06:13.657+0000] {subprocess.py:93} INFO - [0m20:06:13  Found 6 models, 35 data tests, 6 sources, 855 macros
[2025-03-13T20:06:13.662+0000] {subprocess.py:93} INFO - [0m20:06:13
[2025-03-13T20:06:13.662+0000] {subprocess.py:93} INFO - [0m20:06:13  Concurrency: 2 threads (target='dev')
[2025-03-13T20:06:13.664+0000] {subprocess.py:93} INFO - [0m20:06:13
[2025-03-13T20:06:14.930+0000] {subprocess.py:93} INFO - [0m20:06:14  1 of 1 START sql incremental model layer_silver.crm_salse_details .............. [RUN]
[2025-03-13T20:06:16.353+0000] {subprocess.py:93} INFO - [0m20:06:16  1 of 1 OK created sql incremental model layer_silver.crm_salse_details ......... [[32mSUCCESS 1[0m in 1.42s]
[2025-03-13T20:06:16.532+0000] {subprocess.py:93} INFO - [0m20:06:16
[2025-03-13T20:06:16.533+0000] {subprocess.py:93} INFO - [0m20:06:16  Finished running 1 incremental model in 0 hours 0 minutes and 2.87 seconds (2.87s).
[2025-03-13T20:06:16.613+0000] {subprocess.py:93} INFO - [0m20:06:16
[2025-03-13T20:06:16.614+0000] {subprocess.py:93} INFO - [0m20:06:16  [32mCompleted successfully[0m
[2025-03-13T20:06:16.615+0000] {subprocess.py:93} INFO - [0m20:06:16
[2025-03-13T20:06:16.616+0000] {subprocess.py:93} INFO - [0m20:06:16  Done. PASS=1 WARN=0 ERROR=0 SKIP=0 TOTAL=1
[2025-03-13T20:06:19.027+0000] {subprocess.py:97} INFO - Command exited with return code 0
[2025-03-13T20:06:19.029+0000] {taskinstance.py:441} INFO - ::group::Post task execution logs
[2025-03-13T20:06:19.059+0000] {taskinstance.py:1205} INFO - Marking task as SUCCESS. dag_id=sales_pipeline, task_id=silver_layer.crm_salse_details, execution_date=20250313T194500, start_date=20250313T200603, end_date=20250313T200619
[2025-03-13T20:06:19.100+0000] {local_task_job_runner.py:240} INFO - Task exited with return code 0
[2025-03-13T20:06:19.123+0000] {taskinstance.py:3482} INFO - 6 downstream tasks scheduled from follow-on schedule check
[2025-03-13T20:06:19.124+0000] {local_task_job_runner.py:222} INFO - ::endgroup::
