[2025-03-13T20:30:17.472+0000] {local_task_job_runner.py:120} INFO - ::group::Pre task execution logs
[2025-03-13T20:30:17.510+0000] {taskinstance.py:2073} INFO - Dependencies all met for dep_context=non-requeueable deps ti=<TaskInstance: sales_pipeline.silver_layer.crm_salse_details scheduled__2025-03-13T20:15:00+00:00 [queued]>
[2025-03-13T20:30:17.523+0000] {taskinstance.py:2073} INFO - Dependencies all met for dep_context=requeueable deps ti=<TaskInstance: sales_pipeline.silver_layer.crm_salse_details scheduled__2025-03-13T20:15:00+00:00 [queued]>
[2025-03-13T20:30:17.523+0000] {taskinstance.py:2303} INFO - Starting attempt 1 of 1
[2025-03-13T20:30:17.542+0000] {taskinstance.py:2327} INFO - Executing <Task(BashOperator): silver_layer.crm_salse_details> on 2025-03-13 20:15:00+00:00
[2025-03-13T20:30:17.554+0000] {warnings.py:110} WARNING - /home/***/.local/lib/python3.12/site-packages/***/task/task_runner/standard_task_runner.py:61: DeprecationWarning: This process (pid=998) is multi-threaded, use of fork() may lead to deadlocks in the child.
  pid = os.fork()

[2025-03-13T20:30:17.555+0000] {standard_task_runner.py:63} INFO - Started process 1012 to run task
[2025-03-13T20:30:17.558+0000] {standard_task_runner.py:90} INFO - Running: ['***', 'tasks', 'run', 'sales_pipeline', 'silver_layer.crm_salse_details', 'scheduled__2025-03-13T20:15:00+00:00', '--job-id', '207', '--raw', '--subdir', 'DAGS_FOLDER/pipeline.py', '--cfg-path', '/tmp/tmp1aucdvz3']
[2025-03-13T20:30:17.563+0000] {standard_task_runner.py:91} INFO - Job 207: Subtask silver_layer.crm_salse_details
[2025-03-13T20:30:17.630+0000] {task_command.py:426} INFO - Running <TaskInstance: sales_pipeline.silver_layer.crm_salse_details scheduled__2025-03-13T20:15:00+00:00 [running]> on host 2b35ac7f54da
[2025-03-13T20:30:17.805+0000] {taskinstance.py:2644} INFO - Exporting env vars: AIRFLOW_CTX_DAG_OWNER='Mahmoud' AIRFLOW_CTX_DAG_ID='sales_pipeline' AIRFLOW_CTX_TASK_ID='silver_layer.crm_salse_details' AIRFLOW_CTX_EXECUTION_DATE='2025-03-13T20:15:00+00:00' AIRFLOW_CTX_TRY_NUMBER='1' AIRFLOW_CTX_DAG_RUN_ID='scheduled__2025-03-13T20:15:00+00:00'
[2025-03-13T20:30:17.808+0000] {taskinstance.py:430} INFO - ::endgroup::
[2025-03-13T20:30:17.830+0000] {subprocess.py:63} INFO - Tmp dir root location: /tmp
[2025-03-13T20:30:17.832+0000] {subprocess.py:75} INFO - Running command: ['/usr/bin/bash', '-c', 'dbt run --full-refresh --profiles-dir /opt/***/dbt --project-dir /opt/***/dbt/sales --models crm_salse_details']
[2025-03-13T20:30:17.854+0000] {subprocess.py:86} INFO - Output:
[2025-03-13T20:30:22.655+0000] {subprocess.py:93} INFO - [0m20:30:22  Running with dbt=1.9.3
[2025-03-13T20:30:23.824+0000] {subprocess.py:93} INFO - /home/***/.local/lib/python3.12/site-packages/snowflake/connector/options.py:108: UserWarning: You have an incompatible version of 'pyarrow' installed (19.0.1), please install a version that adheres to: 'pyarrow<19.0.0; extra == "pandas"'
[2025-03-13T20:30:23.824+0000] {subprocess.py:93} INFO -   warn_incompatible_dep(
[2025-03-13T20:30:25.809+0000] {subprocess.py:93} INFO - [0m20:30:25  Registered adapter: snowflake=1.9.2
[2025-03-13T20:30:26.650+0000] {subprocess.py:93} INFO - [0m20:30:26  [[33mWARNING[0m]: Configuration paths exist in your dbt_project.yml file which do not apply to any resources.
[2025-03-13T20:30:26.650+0000] {subprocess.py:93} INFO - There are 1 unused configuration paths:
[2025-03-13T20:30:26.651+0000] {subprocess.py:93} INFO - - models.sales.Gold_layer
[2025-03-13T20:30:27.184+0000] {subprocess.py:93} INFO - [0m20:30:27  Found 6 models, 35 data tests, 6 sources, 855 macros
[2025-03-13T20:30:27.189+0000] {subprocess.py:93} INFO - [0m20:30:27
[2025-03-13T20:30:27.190+0000] {subprocess.py:93} INFO - [0m20:30:27  Concurrency: 2 threads (target='dev')
[2025-03-13T20:30:27.192+0000] {subprocess.py:93} INFO - [0m20:30:27
[2025-03-13T20:30:28.076+0000] {subprocess.py:93} INFO - [0m20:30:28  1 of 1 START sql incremental model layer_silver.crm_salse_details .............. [RUN]
[2025-03-13T20:31:31.611+0000] {subprocess.py:93} INFO - [0m20:31:31  1 of 1 OK created sql incremental model layer_silver.crm_salse_details ......... [[32mSUCCESS 1[0m in 63.53s]
[2025-03-13T20:31:31.774+0000] {subprocess.py:93} INFO - [0m20:31:31
[2025-03-13T20:31:31.775+0000] {subprocess.py:93} INFO - [0m20:31:31  Finished running 1 incremental model in 0 hours 1 minutes and 4.58 seconds (64.58s).
[2025-03-13T20:31:31.859+0000] {subprocess.py:93} INFO - [0m20:31:31
[2025-03-13T20:31:31.860+0000] {subprocess.py:93} INFO - [0m20:31:31  [32mCompleted successfully[0m
[2025-03-13T20:31:31.860+0000] {subprocess.py:93} INFO - [0m20:31:31
[2025-03-13T20:31:31.861+0000] {subprocess.py:93} INFO - [0m20:31:31  Done. PASS=1 WARN=0 ERROR=0 SKIP=0 TOTAL=1
[2025-03-13T20:31:33.239+0000] {subprocess.py:97} INFO - Command exited with return code 0
[2025-03-13T20:31:33.240+0000] {taskinstance.py:441} INFO - ::group::Post task execution logs
[2025-03-13T20:31:33.281+0000] {taskinstance.py:1205} INFO - Marking task as SUCCESS. dag_id=sales_pipeline, task_id=silver_layer.crm_salse_details, execution_date=20250313T201500, start_date=20250313T203017, end_date=20250313T203133
[2025-03-13T20:31:33.336+0000] {local_task_job_runner.py:240} INFO - Task exited with return code 0
[2025-03-13T20:31:33.377+0000] {taskinstance.py:3482} INFO - 0 downstream tasks scheduled from follow-on schedule check
[2025-03-13T20:31:33.378+0000] {local_task_job_runner.py:222} INFO - ::endgroup::
