[2025-03-10T18:55:54.862+0000] {local_task_job_runner.py:120} INFO - ::group::Pre task execution logs
[2025-03-10T18:55:54.885+0000] {taskinstance.py:2073} INFO - Dependencies all met for dep_context=non-requeueable deps ti=<TaskInstance: sales_pipeline.ingest_erp_data manual__2025-03-10T18:55:49.084392+00:00 [queued]>
[2025-03-10T18:55:54.894+0000] {taskinstance.py:2073} INFO - Dependencies all met for dep_context=requeueable deps ti=<TaskInstance: sales_pipeline.ingest_erp_data manual__2025-03-10T18:55:49.084392+00:00 [queued]>
[2025-03-10T18:55:54.894+0000] {taskinstance.py:2303} INFO - Starting attempt 1 of 1
[2025-03-10T18:55:54.907+0000] {taskinstance.py:2327} INFO - Executing <Task(PythonOperator): ingest_erp_data> on 2025-03-10 18:55:49.084392+00:00
[2025-03-10T18:55:54.916+0000] {warnings.py:110} WARNING - /home/***/.local/lib/python3.12/site-packages/***/task/task_runner/standard_task_runner.py:61: DeprecationWarning: This process (pid=76) is multi-threaded, use of fork() may lead to deadlocks in the child.
  pid = os.fork()

[2025-03-10T18:55:54.918+0000] {standard_task_runner.py:63} INFO - Started process 80 to run task
[2025-03-10T18:55:54.918+0000] {standard_task_runner.py:90} INFO - Running: ['***', 'tasks', 'run', 'sales_pipeline', 'ingest_erp_data', 'manual__2025-03-10T18:55:49.084392+00:00', '--job-id', '21', '--raw', '--subdir', 'DAGS_FOLDER/pipeline.py', '--cfg-path', '/tmp/tmp0q9yvs1a']
[2025-03-10T18:55:54.919+0000] {standard_task_runner.py:91} INFO - Job 21: Subtask ingest_erp_data
[2025-03-10T18:55:54.959+0000] {task_command.py:426} INFO - Running <TaskInstance: sales_pipeline.ingest_erp_data manual__2025-03-10T18:55:49.084392+00:00 [running]> on host e9482cc19388
[2025-03-10T18:55:55.040+0000] {taskinstance.py:2644} INFO - Exporting env vars: AIRFLOW_CTX_DAG_OWNER='Mahmoud' AIRFLOW_CTX_DAG_ID='sales_pipeline' AIRFLOW_CTX_TASK_ID='ingest_erp_data' AIRFLOW_CTX_EXECUTION_DATE='2025-03-10T18:55:49.084392+00:00' AIRFLOW_CTX_TRY_NUMBER='1' AIRFLOW_CTX_DAG_RUN_ID='manual__2025-03-10T18:55:49.084392+00:00'
[2025-03-10T18:55:55.042+0000] {taskinstance.py:430} INFO - ::endgroup::
[2025-03-10T18:55:55.055+0000] {pipeline.py:95} INFO - 📥 Ingesting ERP data...
[2025-03-10T18:55:55.055+0000] {pipeline.py:98} ERROR - ❌ Database connection failed! Cannot ingest ERP data.
[2025-03-10T18:55:55.055+0000] {python.py:237} INFO - Done. Returned value was: None
[2025-03-10T18:55:55.056+0000] {taskinstance.py:441} INFO - ::group::Post task execution logs
[2025-03-10T18:55:55.065+0000] {taskinstance.py:1205} INFO - Marking task as SUCCESS. dag_id=sales_pipeline, task_id=ingest_erp_data, execution_date=20250310T185549, start_date=20250310T185554, end_date=20250310T185555
[2025-03-10T18:55:55.091+0000] {local_task_job_runner.py:240} INFO - Task exited with return code 0
[2025-03-10T18:55:55.106+0000] {taskinstance.py:3482} INFO - 0 downstream tasks scheduled from follow-on schedule check
[2025-03-10T18:55:55.107+0000] {local_task_job_runner.py:222} INFO - ::endgroup::
