[2025-03-13T11:28:08.039+0000] {local_task_job_runner.py:120} INFO - ::group::Pre task execution logs
[2025-03-13T11:28:08.066+0000] {taskinstance.py:2073} INFO - Dependencies all met for dep_context=non-requeueable deps ti=<TaskInstance: sales_pipeline.ingest_data.ingest_erp_data manual__2025-03-13T11:27:58.563426+00:00 [queued]>
[2025-03-13T11:28:08.075+0000] {taskinstance.py:2073} INFO - Dependencies all met for dep_context=requeueable deps ti=<TaskInstance: sales_pipeline.ingest_data.ingest_erp_data manual__2025-03-13T11:27:58.563426+00:00 [queued]>
[2025-03-13T11:28:08.075+0000] {taskinstance.py:2303} INFO - Starting attempt 1 of 1
[2025-03-13T11:28:08.097+0000] {taskinstance.py:2327} INFO - Executing <Task(PythonOperator): ingest_data.ingest_erp_data> on 2025-03-13 11:27:58.563426+00:00
[2025-03-13T11:28:08.108+0000] {warnings.py:110} WARNING - /home/***/.local/lib/python3.12/site-packages/***/task/task_runner/standard_task_runner.py:61: DeprecationWarning: This process (pid=1179) is multi-threaded, use of fork() may lead to deadlocks in the child.
  pid = os.fork()

[2025-03-13T11:28:08.110+0000] {standard_task_runner.py:63} INFO - Started process 1186 to run task
[2025-03-13T11:28:08.111+0000] {standard_task_runner.py:90} INFO - Running: ['***', 'tasks', 'run', 'sales_pipeline', 'ingest_data.ingest_erp_data', 'manual__2025-03-13T11:27:58.563426+00:00', '--job-id', '153', '--raw', '--subdir', 'DAGS_FOLDER/pipeline.py', '--cfg-path', '/tmp/tmprtrciiwr']
[2025-03-13T11:28:08.113+0000] {standard_task_runner.py:91} INFO - Job 153: Subtask ingest_data.ingest_erp_data
[2025-03-13T11:28:08.161+0000] {task_command.py:426} INFO - Running <TaskInstance: sales_pipeline.ingest_data.ingest_erp_data manual__2025-03-13T11:27:58.563426+00:00 [running]> on host 2b35ac7f54da
[2025-03-13T11:28:08.299+0000] {taskinstance.py:2644} INFO - Exporting env vars: AIRFLOW_CTX_DAG_OWNER='Mahmoud' AIRFLOW_CTX_DAG_ID='sales_pipeline' AIRFLOW_CTX_TASK_ID='ingest_data.ingest_erp_data' AIRFLOW_CTX_EXECUTION_DATE='2025-03-13T11:27:58.563426+00:00' AIRFLOW_CTX_TRY_NUMBER='1' AIRFLOW_CTX_DAG_RUN_ID='manual__2025-03-13T11:27:58.563426+00:00'
[2025-03-13T11:28:08.301+0000] {taskinstance.py:430} INFO - ::endgroup::
[2025-03-13T11:28:08.316+0000] {pipeline.py:96} INFO - /opt/***/Source/source_crm
[2025-03-13T11:28:08.410+0000] {warnings.py:110} WARNING - /home/***/.local/lib/python3.12/site-packages/snowflake/connector/options.py:108: UserWarning: You have an incompatible version of 'pyarrow' installed (19.0.1), please install a version that adheres to: 'pyarrow<19.0.0; extra == "pandas"'
  warn_incompatible_dep(

[2025-03-13T11:28:08.546+0000] {connection.py:423} INFO - Snowflake Connector for Python Version: 3.14.0, Python Version: 3.12.2, Platform: Linux-6.11.0-19-generic-x86_64-with-glibc2.36
[2025-03-13T11:28:08.547+0000] {connection.py:1226} INFO - Connecting to GLOBAL Snowflake domain
[2025-03-13T11:28:08.547+0000] {connection.py:1315} INFO - This connection is in OCSP Fail Open Mode. TLS Certificates would be checked for validity and revocation status. Any other Certificate Revocation related exceptions or OCSP Responder failures would be disregarded in favor of connectivity.
[2025-03-13T11:28:09.228+0000] {snowflake_utilz.py:13} INFO - Connected to snowflake successfully
[2025-03-13T11:28:09.234+0000] {snowflake_utilz.py:26} INFO - Connected to PostgreSQL database successfully
[2025-03-13T11:28:09.235+0000] {pipeline.py:104} INFO - 📥 Ingesting ERP data...
[2025-03-13T11:28:09.236+0000] {ingest_data.py:15} INFO - Start ingesting CUST_AZ12.csv into erp_cust_az12
[2025-03-13T11:28:09.263+0000] {snowflake_utilz.py:42} INFO - loading raw data into table erp_cust_az12
[2025-03-13T11:28:09.266+0000] {connection.py:423} INFO - Snowflake Connector for Python Version: 3.14.0, Python Version: 3.12.2, Platform: Linux-6.11.0-19-generic-x86_64-with-glibc2.36
[2025-03-13T11:28:09.267+0000] {connection.py:1226} INFO - Connecting to GLOBAL Snowflake domain
[2025-03-13T11:28:09.267+0000] {connection.py:1315} INFO - This connection is in OCSP Fail Open Mode. TLS Certificates would be checked for validity and revocation status. Any other Certificate Revocation related exceptions or OCSP Responder failures would be disregarded in favor of connectivity.
[2025-03-13T11:28:15.111+0000] {snowflake_utilz.py:47} INFO - raw data loaded successfully into erp_cust_az12 with 18484 rows
[2025-03-13T11:28:15.114+0000] {ingest_data.py:25} INFO - Data ingested successfully into erp_cust_az12
[2025-03-13T11:28:15.116+0000] {ingest_data.py:15} INFO - Start ingesting LOC_A101.csv into erp_loc_a101
[2025-03-13T11:28:15.136+0000] {snowflake_utilz.py:42} INFO - loading raw data into table erp_loc_a101
[2025-03-13T11:28:18.206+0000] {local_task_job_runner.py:310} WARNING - State of this instance has been externally set to failed. Terminating instance.
[2025-03-13T11:28:18.208+0000] {local_task_job_runner.py:222} INFO - ::endgroup::
[2025-03-13T11:28:18.211+0000] {process_utils.py:132} INFO - Sending 15 to group 1186. PIDs of all processes in the group: [1186]
[2025-03-13T11:28:18.212+0000] {process_utils.py:87} INFO - Sending the signal 15 to group 1186
[2025-03-13T11:28:18.212+0000] {taskinstance.py:2607} ERROR - Received SIGTERM. Terminating subprocesses.
[2025-03-13T11:28:18.213+0000] {connection.py:810} INFO - closed
[2025-03-13T11:28:18.486+0000] {connection.py:816} INFO - No async queries seem to be running, deleting session
[2025-03-13T11:28:18.566+0000] {taskinstance.py:441} INFO - ::group::Post task execution logs
[2025-03-13T11:28:18.625+0000] {process_utils.py:80} INFO - Process psutil.Process(pid=1186, status='terminated', exitcode=0, started='11:28:07') (1186) terminated with exit code 0
