[2025-03-13T20:06:03.958+0000] {local_task_job_runner.py:120} INFO - ::group::Pre task execution logs
[2025-03-13T20:06:04.012+0000] {taskinstance.py:2073} INFO - Dependencies all met for dep_context=non-requeueable deps ti=<TaskInstance: sales_pipeline.silver_layer.erp_customer_loc scheduled__2025-03-13T19:45:00+00:00 [queued]>
[2025-03-13T20:06:04.030+0000] {taskinstance.py:2073} INFO - Dependencies all met for dep_context=requeueable deps ti=<TaskInstance: sales_pipeline.silver_layer.erp_customer_loc scheduled__2025-03-13T19:45:00+00:00 [queued]>
[2025-03-13T20:06:04.031+0000] {taskinstance.py:2303} INFO - Starting attempt 1 of 1
[2025-03-13T20:06:04.059+0000] {taskinstance.py:2327} INFO - Executing <Task(BashOperator): silver_layer.erp_customer_loc> on 2025-03-13 19:45:00+00:00
[2025-03-13T20:06:04.071+0000] {warnings.py:110} WARNING - /home/***/.local/lib/python3.12/site-packages/***/task/task_runner/standard_task_runner.py:61: DeprecationWarning: This process (pid=445) is multi-threaded, use of fork() may lead to deadlocks in the child.
  pid = os.fork()

[2025-03-13T20:06:04.074+0000] {standard_task_runner.py:63} INFO - Started process 458 to run task
[2025-03-13T20:06:04.074+0000] {standard_task_runner.py:90} INFO - Running: ['***', 'tasks', 'run', 'sales_pipeline', 'silver_layer.erp_customer_loc', 'scheduled__2025-03-13T19:45:00+00:00', '--job-id', '174', '--raw', '--subdir', 'DAGS_FOLDER/pipeline.py', '--cfg-path', '/tmp/tmpldlh5nxd']
[2025-03-13T20:06:04.077+0000] {standard_task_runner.py:91} INFO - Job 174: Subtask silver_layer.erp_customer_loc
[2025-03-13T20:06:04.148+0000] {task_command.py:426} INFO - Running <TaskInstance: sales_pipeline.silver_layer.erp_customer_loc scheduled__2025-03-13T19:45:00+00:00 [running]> on host 2b35ac7f54da
[2025-03-13T20:06:04.303+0000] {taskinstance.py:2644} INFO - Exporting env vars: AIRFLOW_CTX_DAG_OWNER='Mahmoud' AIRFLOW_CTX_DAG_ID='sales_pipeline' AIRFLOW_CTX_TASK_ID='silver_layer.erp_customer_loc' AIRFLOW_CTX_EXECUTION_DATE='2025-03-13T19:45:00+00:00' AIRFLOW_CTX_TRY_NUMBER='1' AIRFLOW_CTX_DAG_RUN_ID='scheduled__2025-03-13T19:45:00+00:00'
[2025-03-13T20:06:04.304+0000] {taskinstance.py:430} INFO - ::endgroup::
[2025-03-13T20:06:04.333+0000] {subprocess.py:63} INFO - Tmp dir root location: /tmp
[2025-03-13T20:06:04.334+0000] {subprocess.py:75} INFO - Running command: ['/usr/bin/bash', '-c', 'dbt run --full-refresh --profiles-dir /opt/***/dbt --project-dir /opt/***/dbt/sales --models erp_customer_loc']
[2025-03-13T20:06:04.358+0000] {subprocess.py:86} INFO - Output:
[2025-03-13T20:06:10.149+0000] {subprocess.py:93} INFO - [0m20:06:10  Running with dbt=1.9.3
[2025-03-13T20:06:11.215+0000] {subprocess.py:93} INFO - /home/***/.local/lib/python3.12/site-packages/snowflake/connector/options.py:108: UserWarning: You have an incompatible version of 'pyarrow' installed (19.0.1), please install a version that adheres to: 'pyarrow<19.0.0; extra == "pandas"'
[2025-03-13T20:06:11.216+0000] {subprocess.py:93} INFO -   warn_incompatible_dep(
[2025-03-13T20:06:12.423+0000] {subprocess.py:93} INFO - [0m20:06:12  Registered adapter: snowflake=1.9.2
[2025-03-13T20:06:13.241+0000] {subprocess.py:93} INFO - [0m20:06:13  [[33mWARNING[0m]: Configuration paths exist in your dbt_project.yml file which do not apply to any resources.
[2025-03-13T20:06:13.242+0000] {subprocess.py:93} INFO - There are 1 unused configuration paths:
[2025-03-13T20:06:13.243+0000] {subprocess.py:93} INFO - - models.sales.Gold_layer
[2025-03-13T20:06:13.740+0000] {subprocess.py:93} INFO - [0m20:06:13  Found 6 models, 35 data tests, 6 sources, 855 macros
[2025-03-13T20:06:13.745+0000] {subprocess.py:93} INFO - [0m20:06:13
[2025-03-13T20:06:13.746+0000] {subprocess.py:93} INFO - [0m20:06:13  Concurrency: 2 threads (target='dev')
[2025-03-13T20:06:13.747+0000] {subprocess.py:93} INFO - [0m20:06:13
[2025-03-13T20:06:14.931+0000] {subprocess.py:93} INFO - [0m20:06:14  1 of 1 START sql incremental model layer_silver.erp_customer_loc ............... [RUN]
[2025-03-13T20:06:16.271+0000] {subprocess.py:93} INFO - [0m20:06:16  1 of 1 OK created sql incremental model layer_silver.erp_customer_loc .......... [[32mSUCCESS 1[0m in 1.33s]
[2025-03-13T20:06:16.458+0000] {subprocess.py:93} INFO - [0m20:06:16
[2025-03-13T20:06:16.458+0000] {subprocess.py:93} INFO - [0m20:06:16  Finished running 1 incremental model in 0 hours 0 minutes and 2.71 seconds (2.71s).
[2025-03-13T20:06:16.528+0000] {subprocess.py:93} INFO - [0m20:06:16
[2025-03-13T20:06:16.529+0000] {subprocess.py:93} INFO - [0m20:06:16  [32mCompleted successfully[0m
[2025-03-13T20:06:16.530+0000] {subprocess.py:93} INFO - [0m20:06:16
[2025-03-13T20:06:16.531+0000] {subprocess.py:93} INFO - [0m20:06:16  Done. PASS=1 WARN=0 ERROR=0 SKIP=0 TOTAL=1
[2025-03-13T20:06:18.018+0000] {subprocess.py:97} INFO - Command exited with return code 0
[2025-03-13T20:06:18.019+0000] {taskinstance.py:441} INFO - ::group::Post task execution logs
[2025-03-13T20:06:18.051+0000] {taskinstance.py:1205} INFO - Marking task as SUCCESS. dag_id=sales_pipeline, task_id=silver_layer.erp_customer_loc, execution_date=20250313T194500, start_date=20250313T200604, end_date=20250313T200618
[2025-03-13T20:06:18.109+0000] {local_task_job_runner.py:240} INFO - Task exited with return code 0
[2025-03-13T20:06:18.159+0000] {taskinstance.py:3482} INFO - 0 downstream tasks scheduled from follow-on schedule check
[2025-03-13T20:06:18.160+0000] {local_task_job_runner.py:222} INFO - ::endgroup::
